<?xml version="1.0" encoding="UTF-8"?>
<!-- Generated by org.testng.reporters.JUnitXMLReporter -->
<testsuite hostname="DESKTOP-UEKB7G0" ignored="0" name="Default test" tests="2" failures="0" timestamp="19 Jul 2020 06:15:05 GMT" time="13.078" errors="0">
  <testcase name="runScenario" time="8.733" classname="io.cucumber.testng.AbstractTestNGCucumberTests"/>
  <testcase name="runScenario" time="3.513" classname="io.cucumber.testng.AbstractTestNGCucumberTests"/>
</testsuite> <!-- Default test -->
