<?xml version="1.0" encoding="UTF-8"?>
<testng-results skipped="0" failed="0" ignored="0" total="2" passed="2">
  <reporter-output>
  </reporter-output>
  <suite name="Default suite" duration-ms="13078" started-at="2020-07-19T06:14:51Z" finished-at="2020-07-19T06:15:05Z">
    <groups>
      <group name="cucumber">
        <method signature="AbstractTestNGCucumberTests.runScenario(io.cucumber.testng.PickleWrapper, io.cucumber.testng.FeatureWrapper)[pri:0, instance:runner.RunTest@19bec4d]" name="runScenario" class="io.cucumber.testng.AbstractTestNGCucumberTests"/>
      </group> <!-- cucumber -->
    </groups>
    <test name="Default test" duration-ms="13078" started-at="2020-07-19T06:14:51Z" finished-at="2020-07-19T06:15:05Z">
      <class name="runner.RunTest">
        <test-method status="PASS" signature="setUpClass()[pri:0, instance:runner.RunTest@19bec4d]" name="setUpClass" is-config="true" duration-ms="727" started-at="2020-07-19T06:14:51Z" finished-at="2020-07-19T06:14:52Z">
          <reporter-output>
          </reporter-output>
        </test-method> <!-- setUpClass -->
        <test-method status="PASS" signature="runScenario(io.cucumber.testng.PickleWrapper, io.cucumber.testng.FeatureWrapper)[pri:0, instance:runner.RunTest@19bec4d]" name="runScenario" duration-ms="8733" started-at="2020-07-19T06:14:52Z" description="Runs Cucumber Scenarios" data-provider="scenarios" finished-at="2020-07-19T06:15:01Z">
          <params>
            <param index="0">
              <value>
                <![CDATA["Create a new CR with short description"]]>
              </value>
            </param>
            <param index="1">
              <value>
                <![CDATA["Create New Incident"]]>
              </value>
            </param>
          </params>
          <reporter-output>
          </reporter-output>
        </test-method> <!-- runScenario -->
        <test-method status="PASS" signature="runScenario(io.cucumber.testng.PickleWrapper, io.cucumber.testng.FeatureWrapper)[pri:0, instance:runner.RunTest@19bec4d]" name="runScenario" duration-ms="3513" started-at="2020-07-19T06:15:01Z" description="Runs Cucumber Scenarios" data-provider="scenarios" finished-at="2020-07-19T06:15:05Z">
          <params>
            <param index="0">
              <value>
                <![CDATA["Create a new CR with description"]]>
              </value>
            </param>
            <param index="1">
              <value>
                <![CDATA["Create New Incident"]]>
              </value>
            </param>
          </params>
          <reporter-output>
          </reporter-output>
        </test-method> <!-- runScenario -->
        <test-method status="PASS" signature="tearDownClass()[pri:0, instance:runner.RunTest@19bec4d]" name="tearDownClass" is-config="true" duration-ms="3" started-at="2020-07-19T06:15:05Z" finished-at="2020-07-19T06:15:05Z">
          <reporter-output>
          </reporter-output>
        </test-method> <!-- tearDownClass -->
      </class> <!-- runner.RunTest -->
    </test> <!-- Default test -->
  </suite> <!-- Default suite -->
</testng-results>
